[33mÔØ»[39m Building...
[32mÔ£ö[39m Building...
[1mInitial chunk files[22m  [2m | [22m[1mNames[22m        [2m | [22m [1mRaw size[22m[2m | [22m[1mEstimated transfer size[22m
[32mmain-G2GFI7ZV.js[39m     [2m | [22m[2mmain[22m         [2m | [22m[36m632.84 kB[39m[2m | [22m              [36m139.25 kB[39m
[32mpolyfills-5CFQRCPP.js[39m[2m | [22m[2mpolyfills[22m    [2m | [22m [36m34.59 kB[39m[2m | [22m               [36m11.33 kB[39m
[32mstyles-4IL57CJN.css[39m  [2m | [22m[2mstyles[22m       [2m | [22m  [36m7.15 kB[39m[2m | [22m                [36m1.83 kB[39m

[1m [22m                    [2m | [22m[1mInitial total[22m[2m | [22m[1m[93m674.58 kB[39m[22m[2m | [22m              [1m152.41 kB[22m

Application bundle generation failed. [7.380 seconds] - 2025-12-19T18:04:15.479Z

node.exe : 
[1m[33m[33mÔû▓ [43
;33m[[43;30mWARNING[
43;33m][0m 
[1mbundle initial 
exceeded maximum 
budget. Budget 500.00 
kB was not met by 
174.58 kB with a 
total of 674.58 
kB.[0m
En C:\Users\inten\AppD
ata\Roaming\npm\ng.ps1
: 24 Carácter: 5
+     & "node$exe"  "$
basedir/node_modules/@
angular/cli/bin/ng.js"
 $arg ...
+     ~~~~~~~~~~~~~~~~
~~~~~~~~~~~~~~~~~~~~~~
~~~~~~~~~~~~~~~~~~~~~~
~~~~~
    + CategoryInfo    
          : NotSpeci  
  fied: ([1m[33m   
 [33mÔ... 674.58 k    
B.[0m:String) []    
, RemoteException
    + FullyQualifiedE 
   rrorId : NativeCo  
  mmandError
 


[33mÔû▓ [43;33m[[43
;30mWARNING[43;33m][
0m [1msrc/app/templat
es/template-builder/te
mplate-builder.compone
nt.scss exceeded 
maximum budget. 
Budget 4.00 kB was 
not met by 2.37 kB 
with a total of 6.37 
kB.[0m


[33mÔû▓ [43;33m[[43
;30mWARNING[43;33m][
0m [1msrc/app/compone
nts/template-preview-m
odal/template-preview-
modal.scss exceeded 
maximum budget. 
Budget 4.00 kB was 
not met by 48.48 kB 
with a total of 52.48 
kB.[0m


[33mÔû▓ [43;33m[[43
;30mWARNING[43;33m][
0m [1msrc/app/compone
nts/hero/hero.componen
t.scss exceeded 
maximum budget. 
Budget 4.00 kB was 
not met by 122 bytes 
with a total of 4.12 
kB.[0m


[33mÔû▓ [43;33m[[43
;30mWARNING[43;33m][
0m [1msrc/app/templat
es/template-selector/t
emplate-selector.compo
nent.scss exceeded 
maximum budget. 
Budget 4.00 kB was 
not met by 1.51 kB 
with a total of 5.51 
kB.[0m

[39m[22m
[1m[31m[31mX [41;3
1m[[41;97mERROR[41;3
1m][0m [1msrc/app/co
mponents/template-prev
iew-modal/template-pre
view-modal.scss 
exceeded maximum 
budget. Budget 8.00 
kB was not met by 
44.48 kB with a total 
of 52.48 kB.[0m

[39m[22m
